16/11/08 22:52:41 WARN mapreduce.JobSubmitter: Hadoop command-line option parsing not performed. Implement the Tool interface and execute your application with ToolRunner to remedy this.
16/11/08 22:52:42 INFO input.FileInputFormat: Total input paths to process : 1
16/11/08 22:52:43 INFO mapreduce.JobSubmitter: number of splits:44
16/11/08 22:52:43 INFO mapreduce.JobSubmitter: Submitting tokens for job: job_1478272902297_2110
16/11/08 22:52:44 INFO impl.YarnClientImpl: Submitted application application_1478272902297_2110
16/11/08 22:52:44 INFO mapreduce.Job: The url to track the job: http://moon05.eecs.qmul.ac.uk:8088/proxy/application_1478272902297_2110/
16/11/08 22:52:44 INFO mapreduce.Job: Running job: job_1478272902297_2110
16/11/08 22:52:50 INFO mapreduce.Job: Job job_1478272902297_2110 running in uber mode : false
16/11/08 22:52:50 INFO mapreduce.Job:  map 0% reduce 0%
16/11/08 22:52:58 INFO mapreduce.Job:  map 23% reduce 0%
16/11/08 22:52:59 INFO mapreduce.Job:  map 32% reduce 0%
16/11/08 22:53:03 INFO mapreduce.Job:  map 45% reduce 0%
16/11/08 22:53:04 INFO mapreduce.Job:  map 61% reduce 0%
16/11/08 22:53:05 INFO mapreduce.Job:  map 64% reduce 0%
16/11/08 22:53:08 INFO mapreduce.Job:  map 68% reduce 0%
16/11/08 22:53:09 INFO mapreduce.Job:  map 80% reduce 0%
16/11/08 22:53:10 INFO mapreduce.Job:  map 91% reduce 0%
16/11/08 22:53:11 INFO mapreduce.Job:  map 95% reduce 0%
16/11/08 22:53:13 INFO mapreduce.Job:  map 98% reduce 0%
16/11/08 22:53:14 INFO mapreduce.Job:  map 100% reduce 0%
16/11/08 22:53:15 INFO mapreduce.Job:  map 100% reduce 100%
16/11/08 22:53:16 INFO mapreduce.Job: Job job_1478272902297_2110 completed successfully
16/11/08 22:53:16 INFO mapreduce.Job: Counters: 49
	File System Counters
		FILE: Number of bytes read=830
		FILE: Number of bytes written=5820831
		FILE: Number of read operations=0
		FILE: Number of large read operations=0
		FILE: Number of write operations=0
		HDFS: Number of bytes read=5917430569
		HDFS: Number of bytes written=838
		HDFS: Number of read operations=138
		HDFS: Number of large read operations=0
		HDFS: Number of write operations=4
	Job Counters 
		Launched map tasks=44
		Launched reduce tasks=2
		Data-local map tasks=44
		Total time spent by all maps in occupied slots (ms)=457298
		Total time spent by all reduces in occupied slots (ms)=9522
		Total time spent by all map tasks (ms)=228649
		Total time spent by all reduce tasks (ms)=4761
		Total vcore-seconds taken by all map tasks=228649
		Total vcore-seconds taken by all reduce tasks=4761
		Total megabyte-seconds taken by all map tasks=234136576
		Total megabyte-seconds taken by all reduce tasks=4875264
	Map-Reduce Framework
		Map input records=25748144
		Map output records=25697010
		Map output bytes=385455150
		Map output materialized bytes=2827
		Input split bytes=5324
		Combine input records=25697010
		Combine output records=90
		Reduce input groups=47
		Reduce shuffle bytes=2827
		Reduce input records=90
		Reduce output records=47
		Spilled Records=180
		Shuffled Maps =88
		Failed Shuffles=0
		Merged Map outputs=88
		GC time elapsed (ms)=5454
		CPU time spent (ms)=229630
		Physical memory (bytes) snapshot=29028765696
		Virtual memory (bytes) snapshot=128832294912
		Total committed heap usage (bytes)=32665239552
	Shuffle Errors
		BAD_ID=0
		CONNECTION=0
		IO_ERROR=0
		WRONG_LENGTH=0
		WRONG_MAP=0
		WRONG_REDUCE=0
	File Input Format Counters 
		Bytes Read=5917425245
	File Output Format Counters 
		Bytes Written=838
