16/11/08 23:08:53 WARN mapreduce.JobSubmitter: Hadoop command-line option parsing not performed. Implement the Tool interface and execute your application with ToolRunner to remedy this.
16/11/08 23:08:53 INFO input.FileInputFormat: Total input paths to process : 1
16/11/08 23:08:54 INFO mapreduce.JobSubmitter: number of splits:44
16/11/08 23:08:54 INFO mapreduce.JobSubmitter: Submitting tokens for job: job_1478272902297_2113
16/11/08 23:08:55 INFO impl.YarnClientImpl: Submitted application application_1478272902297_2113
16/11/08 23:08:55 INFO mapreduce.Job: The url to track the job: http://moon05.eecs.qmul.ac.uk:8088/proxy/application_1478272902297_2113/
16/11/08 23:08:55 INFO mapreduce.Job: Running job: job_1478272902297_2113
16/11/08 23:09:01 INFO mapreduce.Job: Job job_1478272902297_2113 running in uber mode : false
16/11/08 23:09:01 INFO mapreduce.Job:  map 0% reduce 0%
16/11/08 23:09:08 INFO mapreduce.Job:  map 5% reduce 0%
16/11/08 23:09:09 INFO mapreduce.Job:  map 100% reduce 0%
16/11/08 23:09:13 INFO mapreduce.Job:  map 100% reduce 50%
16/11/08 23:09:19 INFO mapreduce.Job:  map 100% reduce 68%
16/11/08 23:09:22 INFO mapreduce.Job:  map 100% reduce 86%
16/11/08 23:09:25 INFO mapreduce.Job:  map 100% reduce 94%
16/11/08 23:09:28 INFO mapreduce.Job:  map 100% reduce 100%
16/11/08 23:09:29 INFO mapreduce.Job: Job job_1478272902297_2113 completed successfully
16/11/08 23:09:29 INFO mapreduce.Job: Counters: 49
	File System Counters
		FILE: Number of bytes read=75238735
		FILE: Number of bytes written=156288562
		FILE: Number of read operations=0
		FILE: Number of large read operations=0
		FILE: Number of write operations=0
		HDFS: Number of bytes read=5917430569
		HDFS: Number of bytes written=129
		HDFS: Number of read operations=138
		HDFS: Number of large read operations=0
		HDFS: Number of write operations=4
	Job Counters 
		Launched map tasks=44
		Launched reduce tasks=2
		Data-local map tasks=44
		Total time spent by all maps in occupied slots (ms)=576450
		Total time spent by all reduces in occupied slots (ms)=36794
		Total time spent by all map tasks (ms)=288225
		Total time spent by all reduce tasks (ms)=18397
		Total vcore-seconds taken by all map tasks=288225
		Total vcore-seconds taken by all reduce tasks=18397
		Total megabyte-seconds taken by all map tasks=295142400
		Total megabyte-seconds taken by all reduce tasks=18838528
	Map-Reduce Framework
		Map input records=25748144
		Map output records=25697010
		Map output bytes=436849170
		Map output materialized bytes=75240381
		Input split bytes=5324
		Combine input records=0
		Combine output records=0
		Reduce input groups=1
		Reduce shuffle bytes=75240381
		Reduce input records=25697010
		Reduce output records=1
		Spilled Records=51394020
		Shuffled Maps =88
		Failed Shuffles=0
		Merged Map outputs=88
		GC time elapsed (ms)=4908
		CPU time spent (ms)=175400
		Physical memory (bytes) snapshot=28649324544
		Virtual memory (bytes) snapshot=128626958336
		Total committed heap usage (bytes)=33011793920
	Shuffle Errors
		BAD_ID=0
		CONNECTION=0
		IO_ERROR=0
		WRONG_LENGTH=0
		WRONG_MAP=0
		WRONG_REDUCE=0
	File Input Format Counters 
		Bytes Read=5917425245
	File Output Format Counters 
		Bytes Written=129
