16/11/13 16:44:24 WARN mapreduce.JobSubmitter: Hadoop command-line option parsing not performed. Implement the Tool interface and execute your application with ToolRunner to remedy this.
16/11/13 16:44:39 INFO input.FileInputFormat: Total input paths to process : 1
16/11/13 16:44:40 INFO mapreduce.JobSubmitter: number of splits:44
16/11/13 16:44:41 INFO mapreduce.JobSubmitter: Submitting tokens for job: job_1478888594435_2155
16/11/13 16:44:43 INFO impl.YarnClientImpl: Submitted application application_1478888594435_2155
16/11/13 16:44:44 INFO mapreduce.Job: The url to track the job: http://moon05.eecs.qmul.ac.uk:8088/proxy/application_1478888594435_2155/
16/11/13 16:44:44 INFO mapreduce.Job: Running job: job_1478888594435_2155
16/11/13 16:45:07 INFO mapreduce.Job: Job job_1478888594435_2155 running in uber mode : false
16/11/13 16:45:07 INFO mapreduce.Job:  map 0% reduce 0%
16/11/13 16:45:24 INFO mapreduce.Job:  map 1% reduce 0%
16/11/13 16:45:25 INFO mapreduce.Job:  map 2% reduce 0%
16/11/13 16:45:37 INFO mapreduce.Job:  map 3% reduce 0%
16/11/13 16:45:40 INFO mapreduce.Job:  map 5% reduce 0%
16/11/13 16:46:11 INFO mapreduce.Job:  map 6% reduce 0%
16/11/13 16:46:12 INFO mapreduce.Job:  map 7% reduce 0%
16/11/13 16:46:27 INFO mapreduce.Job:  map 9% reduce 0%
16/11/13 16:46:45 INFO mapreduce.Job:  map 10% reduce 0%
16/11/13 16:46:47 INFO mapreduce.Job:  map 11% reduce 0%
16/11/13 16:47:00 INFO mapreduce.Job:  map 12% reduce 0%
16/11/13 16:47:03 INFO mapreduce.Job:  map 13% reduce 0%
16/11/13 16:47:04 INFO mapreduce.Job:  map 14% reduce 0%
16/11/13 16:47:16 INFO mapreduce.Job:  map 15% reduce 0%
16/11/13 16:47:19 INFO mapreduce.Job:  map 16% reduce 0%
16/11/13 16:47:20 INFO mapreduce.Job:  map 17% reduce 0%
16/11/13 16:47:23 INFO mapreduce.Job:  map 18% reduce 0%
16/11/13 16:47:33 INFO mapreduce.Job:  map 19% reduce 0%
16/11/13 16:47:34 INFO mapreduce.Job:  map 23% reduce 0%
16/11/13 16:47:43 INFO mapreduce.Job:  map 25% reduce 0%
16/11/13 16:47:51 INFO mapreduce.Job:  map 26% reduce 0%
16/11/13 16:47:54 INFO mapreduce.Job:  map 27% reduce 0%
16/11/13 16:48:01 INFO mapreduce.Job:  map 28% reduce 0%
16/11/13 16:48:03 INFO mapreduce.Job:  map 30% reduce 0%
16/11/13 16:48:05 INFO mapreduce.Job:  map 32% reduce 0%
16/11/13 16:48:14 INFO mapreduce.Job:  map 34% reduce 0%
16/11/13 16:48:15 INFO mapreduce.Job:  map 35% reduce 0%
16/11/13 16:48:18 INFO mapreduce.Job:  map 36% reduce 0%
16/11/13 16:48:21 INFO mapreduce.Job:  map 37% reduce 0%
16/11/13 16:48:24 INFO mapreduce.Job:  map 39% reduce 0%
16/11/13 16:48:30 INFO mapreduce.Job:  map 41% reduce 0%
16/11/13 16:48:33 INFO mapreduce.Job:  map 44% reduce 0%
16/11/13 16:48:34 INFO mapreduce.Job:  map 45% reduce 0%
16/11/13 16:48:36 INFO mapreduce.Job:  map 46% reduce 0%
16/11/13 16:48:39 INFO mapreduce.Job:  map 48% reduce 0%
16/11/13 16:48:44 INFO mapreduce.Job:  map 50% reduce 0%
16/11/13 16:48:45 INFO mapreduce.Job:  map 51% reduce 0%
16/11/13 16:48:46 INFO mapreduce.Job:  map 52% reduce 0%
16/11/13 16:48:46 INFO mapreduce.Job: Task Id : attempt_1478888594435_2155_m_000025_0, Status : FAILED
Exception from container-launch.
Container id: container_e453_1478888594435_2155_01_000026
Exit code: 134
Stack trace: ExitCodeException exitCode=134: 
	at org.apache.hadoop.util.Shell.runCommand(Shell.java:601)
	at org.apache.hadoop.util.Shell.run(Shell.java:504)
	at org.apache.hadoop.util.Shell$ShellCommandExecutor.execute(Shell.java:786)
	at org.apache.hadoop.yarn.server.nodemanager.LinuxContainerExecutor.launchContainer(LinuxContainerExecutor.java:373)
	at org.apache.hadoop.yarn.server.nodemanager.containermanager.launcher.ContainerLaunch.call(ContainerLaunch.java:302)
	at org.apache.hadoop.yarn.server.nodemanager.containermanager.launcher.ContainerLaunch.call(ContainerLaunch.java:82)
	at java.util.concurrent.FutureTask.run(FutureTask.java:266)
	at java.util.concurrent.ThreadPoolExecutor.runWorker(ThreadPoolExecutor.java:1142)
	at java.util.concurrent.ThreadPoolExecutor$Worker.run(ThreadPoolExecutor.java:617)
	at java.lang.Thread.run(Thread.java:745)

Shell output: main : command provided 1
main : run as user is nobody
main : requested yarn user is iss30
Writing to tmp file /hadoop/yarn/nm/nmPrivate/application_1478888594435_2155/container_e453_1478888594435_2155_01_000026/container_e453_1478888594435_2155_01_000026.pid.tmp


Container exited with a non-zero exit code 134

16/11/13 16:48:48 INFO mapreduce.Job:  map 53% reduce 0%
16/11/13 16:48:49 INFO mapreduce.Job:  map 54% reduce 0%
16/11/13 16:48:50 INFO mapreduce.Job:  map 55% reduce 0%
16/11/13 16:49:00 INFO mapreduce.Job:  map 59% reduce 0%
16/11/13 16:49:01 INFO mapreduce.Job:  map 60% reduce 0%
16/11/13 16:49:02 INFO mapreduce.Job:  map 61% reduce 0%
16/11/13 16:49:05 INFO mapreduce.Job:  map 62% reduce 0%
16/11/13 16:49:09 INFO mapreduce.Job:  map 64% reduce 0%
16/11/13 16:49:13 INFO mapreduce.Job:  map 66% reduce 0%
16/11/13 16:49:15 INFO mapreduce.Job:  map 68% reduce 0%
16/11/13 16:49:16 INFO mapreduce.Job:  map 69% reduce 0%
16/11/13 16:49:17 INFO mapreduce.Job:  map 70% reduce 0%
16/11/13 16:49:26 INFO mapreduce.Job:  map 73% reduce 0%
16/11/13 16:49:28 INFO mapreduce.Job:  map 75% reduce 0%
16/11/13 16:49:29 INFO mapreduce.Job:  map 76% reduce 0%
16/11/13 16:49:30 INFO mapreduce.Job:  map 77% reduce 0%
16/11/13 16:49:31 INFO mapreduce.Job:  map 78% reduce 0%
16/11/13 16:49:33 INFO mapreduce.Job:  map 79% reduce 0%
16/11/13 16:49:34 INFO mapreduce.Job:  map 80% reduce 0%
16/11/13 16:49:40 INFO mapreduce.Job:  map 81% reduce 0%
16/11/13 16:49:41 INFO mapreduce.Job:  map 83% reduce 0%
16/11/13 16:49:44 INFO mapreduce.Job:  map 85% reduce 0%
16/11/13 16:49:47 INFO mapreduce.Job:  map 86% reduce 0%
16/11/13 16:49:52 INFO mapreduce.Job:  map 87% reduce 0%
16/11/13 16:49:55 INFO mapreduce.Job:  map 88% reduce 0%
16/11/13 16:49:56 INFO mapreduce.Job:  map 89% reduce 0%
16/11/13 16:49:58 INFO mapreduce.Job:  map 90% reduce 0%
16/11/13 16:49:59 INFO mapreduce.Job:  map 90% reduce 15%
16/11/13 16:50:01 INFO mapreduce.Job:  map 91% reduce 15%
16/11/13 16:50:03 INFO mapreduce.Job:  map 91% reduce 30%
16/11/13 16:50:04 INFO mapreduce.Job:  map 92% reduce 30%
16/11/13 16:50:09 INFO mapreduce.Job:  map 93% reduce 30%
16/11/13 16:50:11 INFO mapreduce.Job:  map 94% reduce 31%
16/11/13 16:50:12 INFO mapreduce.Job:  map 97% reduce 31%
16/11/13 16:50:14 INFO mapreduce.Job:  map 98% reduce 31%
16/11/13 16:50:15 INFO mapreduce.Job:  map 98% reduce 32%
16/11/13 16:50:16 INFO mapreduce.Job:  map 99% reduce 32%
16/11/13 16:50:17 INFO mapreduce.Job:  map 99% reduce 33%
16/11/13 16:50:19 INFO mapreduce.Job:  map 100% reduce 33%
16/11/13 16:50:20 INFO mapreduce.Job:  map 100% reduce 66%
16/11/13 16:50:21 INFO mapreduce.Job:  map 100% reduce 100%
16/11/13 16:50:22 INFO mapreduce.Job: Job job_1478888594435_2155 completed successfully
16/11/13 16:50:22 INFO mapreduce.Job: Counters: 52
	File System Counters
		FILE: Number of bytes read=39680
		FILE: Number of bytes written=6017248
		FILE: Number of read operations=0
		FILE: Number of large read operations=0
		FILE: Number of write operations=0
		HDFS: Number of bytes read=5918451017
		HDFS: Number of bytes written=3899
		HDFS: Number of read operations=182
		HDFS: Number of large read operations=0
		HDFS: Number of write operations=4
	Job Counters 
		Failed map tasks=1
		Launched map tasks=45
		Launched reduce tasks=2
		Other local map tasks=1
		Data-local map tasks=44
		Total time spent by all maps in occupied slots (ms)=1173842
		Total time spent by all reduces in occupied slots (ms)=119030
		Total time spent by all map tasks (ms)=586921
		Total time spent by all reduce tasks (ms)=59515
		Total vcore-seconds taken by all map tasks=586921
		Total vcore-seconds taken by all reduce tasks=59515
		Total megabyte-seconds taken by all map tasks=601007104
		Total megabyte-seconds taken by all reduce tasks=60943360
	Map-Reduce Framework
		Map input records=25748144
		Map output records=5723198
		Map output bytes=76177645
		Map output materialized bytes=120650
		Input split bytes=5324
		Combine input records=5723198
		Combine output records=8597
		Reduce input groups=253
		Reduce shuffle bytes=120650
		Reduce input records=8597
		Reduce output records=253
		Spilled Records=17194
		Shuffled Maps =88
		Failed Shuffles=0
		Merged Map outputs=88
		GC time elapsed (ms)=14473
		CPU time spent (ms)=462110
		Physical memory (bytes) snapshot=28963876864
		Virtual memory (bytes) snapshot=128713781248
		Total committed heap usage (bytes)=32725008384
	CustomCounters
		NUM_COUNTRIES=33088
	Shuffle Errors
		BAD_ID=0
		CONNECTION=0
		IO_ERROR=0
		WRONG_LENGTH=0
		WRONG_MAP=0
		WRONG_REDUCE=0
	File Input Format Counters 
		Bytes Read=5917425245
	File Output Format Counters 
		Bytes Written=3899
