16/11/08 00:28:18 WARN mapreduce.JobSubmitter: Hadoop command-line option parsing not performed. Implement the Tool interface and execute your application with ToolRunner to remedy this.
16/11/08 00:28:19 INFO input.FileInputFormat: Total input paths to process : 1
16/11/08 00:28:19 INFO mapreduce.JobSubmitter: number of splits:44
16/11/08 00:28:20 INFO mapreduce.JobSubmitter: Submitting tokens for job: job_1478272902297_1471
16/11/08 00:28:20 INFO impl.YarnClientImpl: Submitted application application_1478272902297_1471
16/11/08 00:28:20 INFO mapreduce.Job: The url to track the job: http://moon05.eecs.qmul.ac.uk:8088/proxy/application_1478272902297_1471/
16/11/08 00:28:20 INFO mapreduce.Job: Running job: job_1478272902297_1471
16/11/08 00:28:25 INFO mapreduce.Job: Job job_1478272902297_1471 running in uber mode : false
16/11/08 00:28:25 INFO mapreduce.Job:  map 0% reduce 0%
16/11/08 00:28:34 INFO mapreduce.Job:  map 5% reduce 0%
16/11/08 00:28:35 INFO mapreduce.Job:  map 100% reduce 0%
16/11/08 00:28:45 INFO mapreduce.Job:  map 100% reduce 91%
16/11/08 00:28:48 INFO mapreduce.Job:  map 100% reduce 100%
16/11/08 00:28:49 INFO mapreduce.Job: Job job_1478272902297_1471 completed successfully
16/11/08 00:28:49 INFO mapreduce.Job: Counters: 49
	File System Counters
		FILE: Number of bytes read=12150028
		FILE: Number of bytes written=30123529
		FILE: Number of read operations=0
		FILE: Number of large read operations=0
		FILE: Number of write operations=0
		HDFS: Number of bytes read=5917430569
		HDFS: Number of bytes written=489
		HDFS: Number of read operations=138
		HDFS: Number of large read operations=0
		HDFS: Number of write operations=4
	Job Counters 
		Launched map tasks=44
		Launched reduce tasks=2
		Data-local map tasks=44
		Total time spent by all maps in occupied slots (ms)=590558
		Total time spent by all reduces in occupied slots (ms)=33210
		Total time spent by all map tasks (ms)=295279
		Total time spent by all reduce tasks (ms)=16605
		Total vcore-seconds taken by all map tasks=295279
		Total vcore-seconds taken by all reduce tasks=16605
		Total megabyte-seconds taken by all map tasks=302365696
		Total megabyte-seconds taken by all reduce tasks=17003520
	Map-Reduce Framework
		Map input records=25748144
		Map output records=25697010
		Map output bytes=205576080
		Map output materialized bytes=12162721
		Input split bytes=5324
		Combine input records=0
		Combine output records=0
		Reduce input groups=54
		Reduce shuffle bytes=12162721
		Reduce input records=25697010
		Reduce output records=54
		Spilled Records=51394020
		Shuffled Maps =88
		Failed Shuffles=0
		Merged Map outputs=88
		GC time elapsed (ms)=4821
		CPU time spent (ms)=187760
		Physical memory (bytes) snapshot=28150247424
		Virtual memory (bytes) snapshot=128639418368
		Total committed heap usage (bytes)=32571916288
	Shuffle Errors
		BAD_ID=0
		CONNECTION=0
		IO_ERROR=0
		WRONG_LENGTH=0
		WRONG_MAP=0
		WRONG_REDUCE=0
	File Input Format Counters 
		Bytes Read=5917425245
	File Output Format Counters 
		Bytes Written=489
